<?xml version="1.0" encoding="UTF-8"?>
<!-- Generated by org.testng.reporters.JUnitReportReporter -->
<testsuite hostname="My-PC" failures="0" tests="2" name="com.bootcamp.TestRunner.TestRunner21" time="1.869" errors="1" timestamp="2022-04-24T23:53:48 CDT" skipped="1">
  <testcase classname="com.bootcamp.TestRunner.TestRunner21" name="feature" time="0.000">
    <skipped/>
  </testcase> <!-- feature -->
  <system-out/>
  <testcase classname="com.bootcamp.TestRunner.TestRunner21" name="openApplicationURL" time="1.869">
    <error message="session not created: This version of ChromeDriver only supports Chrome version 91
Current browser version is 100.0.4896.127 with binary path C:\Program Files\Google\Chrome\Application\chrome.exe
Build info: version: &#039;3.14.0&#039;, revision: &#039;aacccce0&#039;, time: &#039;2018-08-02T20:19:58.91Z&#039;
System info: host: &#039;MY-PC&#039;, ip: &#039;192.168.1.9&#039;, os.name: &#039;Windows 10&#039;, os.arch: &#039;amd64&#039;, os.version: &#039;10.0&#039;, java.version: &#039;11.0.5&#039;
Driver info: driver.version: ChromeDriver
remote stacktrace: Backtrace:
	Ordinal0 [0x01153733+2504499]
	Ordinal0 [0x010EC401+2081793]
	Ordinal0 [0x00FF2628+1058344]
	Ordinal0 [0x0101071A+1181466]
	Ordinal0 [0x0100C58C+1164684]
	Ordinal0 [0x01009DC3+1154499]
	Ordinal0 [0x01039B82+1350530]
	Ordinal0 [0x010397DA+1349594]
	Ordinal0 [0x01035D4B+1334603]
	Ordinal0 [0x010122B4+1188532]
	Ordinal0 [0x01013149+1192265]
	GetHandleVerifier [0x012CFB8C+1512252]
	GetHandleVerifier [0x0137B0DF+2214031]
	GetHandleVerifier [0x011D4BC3+484211]
	GetHandleVerifier [0x011D3E69+480793]
	Ordinal0 [0x010F218D+2105741]
	Ordinal0 [0x010F66E8+2123496]
	Ordinal0 [0x010F6827+2123815]
	Ordinal0 [0x010FFB73+2161523]
	BaseThreadInitThunk [0x7644FA29+25]
	RtlGetAppContainerNamedObjectPath [0x77BD7A7E+286]
	RtlGetAppContainerNamedObjectPath [0x77BD7A4E+238]
" type="org.openqa.selenium.SessionNotCreatedException">
      <![CDATA[org.openqa.selenium.SessionNotCreatedException: session not created: This version of ChromeDriver only supports Chrome version 91
Current browser version is 100.0.4896.127 with binary path C:\Program Files\Google\Chrome\Application\chrome.exe
Build info: version: '3.14.0', revision: 'aacccce0', time: '2018-08-02T20:19:58.91Z'
System info: host: 'MY-PC', ip: '192.168.1.9', os.name: 'Windows 10', os.arch: 'amd64', os.version: '10.0', java.version: '11.0.5'
Driver info: driver.version: ChromeDriver
remote stacktrace: Backtrace:
Ordinal0 [0x01153733+2504499]
Ordinal0 [0x010EC401+2081793]
Ordinal0 [0x00FF2628+1058344]
Ordinal0 [0x0101071A+1181466]
Ordinal0 [0x0100C58C+1164684]
Ordinal0 [0x01009DC3+1154499]
Ordinal0 [0x01039B82+1350530]
Ordinal0 [0x010397DA+1349594]
Ordinal0 [0x01035D4B+1334603]
Ordinal0 [0x010122B4+1188532]
Ordinal0 [0x01013149+1192265]
GetHandleVerifier [0x012CFB8C+1512252]
GetHandleVerifier [0x0137B0DF+2214031]
GetHandleVerifier [0x011D4BC3+484211]
GetHandleVerifier [0x011D3E69+480793]
Ordinal0 [0x010F218D+2105741]
Ordinal0 [0x010F66E8+2123496]
Ordinal0 [0x010F6827+2123815]
Ordinal0 [0x010FFB73+2161523]
BaseThreadInitThunk [0x7644FA29+25]
RtlGetAppContainerNamedObjectPath [0x77BD7A7E+286]
RtlGetAppContainerNamedObjectPath [0x77BD7A4E+238]

at java.base/jdk.internal.reflect.NativeConstructorAccessorImpl.newInstance0(Native Method)
at java.base/jdk.internal.reflect.NativeConstructorAccessorImpl.newInstance(NativeConstructorAccessorImpl.java:62)
at java.base/jdk.internal.reflect.DelegatingConstructorAccessorImpl.newInstance(DelegatingConstructorAccessorImpl.java:45)
at java.base/java.lang.reflect.Constructor.newInstance(Constructor.java:490)
at org.openqa.selenium.remote.W3CHandshakeResponse.lambda$new$0(W3CHandshakeResponse.java:57)
at org.openqa.selenium.remote.W3CHandshakeResponse.lambda$getResponseFunction$2(W3CHandshakeResponse.java:104)
at org.openqa.selenium.remote.ProtocolHandshake.lambda$createSession$0(ProtocolHandshake.java:122)
at java.base/java.util.stream.ReferencePipeline$3$1.accept(ReferencePipeline.java:195)
at java.base/java.util.Spliterators$ArraySpliterator.tryAdvance(Spliterators.java:958)
at java.base/java.util.stream.ReferencePipeline.forEachWithCancel(ReferencePipeline.java:127)
at java.base/java.util.stream.AbstractPipeline.copyIntoWithCancel(AbstractPipeline.java:502)
at java.base/java.util.stream.AbstractPipeline.copyInto(AbstractPipeline.java:488)
at java.base/java.util.stream.AbstractPipeline.wrapAndCopyInto(AbstractPipeline.java:474)
at java.base/java.util.stream.FindOps$FindOp.evaluateSequential(FindOps.java:150)
at java.base/java.util.stream.AbstractPipeline.evaluate(AbstractPipeline.java:234)
at java.base/java.util.stream.ReferencePipeline.findFirst(ReferencePipeline.java:543)
at org.openqa.selenium.remote.ProtocolHandshake.createSession(ProtocolHandshake.java:125)
at org.openqa.selenium.remote.ProtocolHandshake.createSession(ProtocolHandshake.java:73)
at org.openqa.selenium.remote.HttpCommandExecutor.execute(HttpCommandExecutor.java:136)
at org.openqa.selenium.remote.service.DriverCommandExecutor.execute(DriverCommandExecutor.java:83)
at org.openqa.selenium.remote.RemoteWebDriver.execute(RemoteWebDriver.java:548)
at org.openqa.selenium.remote.RemoteWebDriver.startSession(RemoteWebDriver.java:212)
at org.openqa.selenium.remote.RemoteWebDriver.<init>(RemoteWebDriver.java:130)
at org.openqa.selenium.chrome.ChromeDriver.<init>(ChromeDriver.java:181)
at org.openqa.selenium.chrome.ChromeDriver.<init>(ChromeDriver.java:168)
at org.openqa.selenium.chrome.ChromeDriver.<init>(ChromeDriver.java:123)
at com.bootcamp.Util.TestBase21.initilize21(TestBase21.java:36)
at com.bootcamp.TestRunner.TestRunner21.openApplicationURL(TestRunner21.java:23)
at java.base/jdk.internal.reflect.NativeMethodAccessorImpl.invoke0(Native Method)
at java.base/jdk.internal.reflect.NativeMethodAccessorImpl.invoke(NativeMethodAccessorImpl.java:62)
at java.base/jdk.internal.reflect.DelegatingMethodAccessorImpl.invoke(DelegatingMethodAccessorImpl.java:43)
at java.base/java.lang.reflect.Method.invoke(Method.java:566)
at org.testng.internal.MethodInvocationHelper.invokeMethod(MethodInvocationHelper.java:132)
at org.testng.internal.MethodInvocationHelper.invokeMethodConsideringTimeout(MethodInvocationHelper.java:61)
at org.testng.internal.ConfigInvoker.invokeConfigurationMethod(ConfigInvoker.java:366)
at org.testng.internal.ConfigInvoker.invokeConfigurations(ConfigInvoker.java:320)
at org.testng.TestRunner.invokeTestConfigurations(TestRunner.java:617)
at org.testng.TestRunner.beforeRun(TestRunner.java:607)
at org.testng.TestRunner.run(TestRunner.java:578)
at org.testng.SuiteRunner.runTest(SuiteRunner.java:384)
at org.testng.SuiteRunner.runSequentially(SuiteRunner.java:378)
at org.testng.SuiteRunner.privateRun(SuiteRunner.java:337)
at org.testng.SuiteRunner.run(SuiteRunner.java:286)
at org.testng.SuiteRunnerWorker.runSuite(SuiteRunnerWorker.java:53)
at org.testng.SuiteRunnerWorker.run(SuiteRunnerWorker.java:96)
at org.testng.TestNG.runSuitesSequentially(TestNG.java:1218)
at org.testng.TestNG.runSuitesLocally(TestNG.java:1140)
at org.testng.TestNG.runSuites(TestNG.java:1069)
at org.testng.TestNG.run(TestNG.java:1037)
at org.testng.remote.AbstractRemoteTestNG.run(AbstractRemoteTestNG.java:115)
at org.testng.remote.RemoteTestNG.initAndRun(RemoteTestNG.java:251)
at org.testng.remote.RemoteTestNG.main(RemoteTestNG.java:77)
]]>
    </error>
  </testcase> <!-- openApplicationURL -->
  <system-out/>
</testsuite> <!-- com.bootcamp.TestRunner.TestRunner21 -->
